<?xml version="1.0" encoding="UTF-8"?>
<testsuite xmlns:xsi="http://www.w3.org/2001/XMLSchema-instance" xsi:noNamespaceSchemaLocation="https://maven.apache.org/surefire/maven-surefire-plugin/xsd/surefire-test-report-3.0.xsd" version="3.0" name="com.commandApi.OrderIntegrationTest" time="7.751" tests="6" errors="0" skipped="0" failures="0">
  <properties>
    <property name="java.specification.version" value="21"/>
    <property name="sun.cpu.isalist" value="amd64"/>
    <property name="sun.jnu.encoding" value="Cp1252"/>
    <property name="java.class.path" value="C:\Users\rahmo\WORKSPACE\MSPR_DEV\MSPR_Commandes_API\target\test-classes;C:\Users\rahmo\WORKSPACE\MSPR_DEV\MSPR_Commandes_API\target\classes;C:\Users\rahmo\.m2\repository\org\springframework\boot\spring-boot-starter-data-jpa\3.2.4\spring-boot-starter-data-jpa-3.2.4.jar;C:\Users\rahmo\.m2\repository\org\springframework\boot\spring-boot-starter-aop\3.2.4\spring-boot-starter-aop-3.2.4.jar;C:\Users\rahmo\.m2\repository\org\springframework\spring-aop\6.1.5\spring-aop-6.1.5.jar;C:\Users\rahmo\.m2\repository\org\aspectj\aspectjweaver\1.9.21\aspectjweaver-1.9.21.jar;C:\Users\rahmo\.m2\repository\org\springframework\boot\spring-boot-starter-jdbc\3.2.4\spring-boot-starter-jdbc-3.2.4.jar;C:\Users\rahmo\.m2\repository\com\zaxxer\HikariCP\5.0.1\HikariCP-5.0.1.jar;C:\Users\rahmo\.m2\repository\org\springframework\spring-jdbc\6.1.5\spring-jdbc-6.1.5.jar;C:\Users\rahmo\.m2\repository\org\hibernate\orm\hibernate-core\6.4.4.Final\hibernate-core-6.4.4.Final.jar;C:\Users\rahmo\.m2\repository\jakarta\persistence\jakarta.persistence-api\3.1.0\jakarta.persistence-api-3.1.0.jar;C:\Users\rahmo\.m2\repository\jakarta\transaction\jakarta.transaction-api\2.0.1\jakarta.transaction-api-2.0.1.jar;C:\Users\rahmo\.m2\repository\org\jboss\logging\jboss-logging\3.5.3.Final\jboss-logging-3.5.3.Final.jar;C:\Users\rahmo\.m2\repository\org\hibernate\common\hibernate-commons-annotations\6.0.6.Final\hibernate-commons-annotations-6.0.6.Final.jar;C:\Users\rahmo\.m2\repository\io\smallrye\jandex\3.1.2\jandex-3.1.2.jar;C:\Users\rahmo\.m2\repository\com\fasterxml\classmate\1.6.0\classmate-1.6.0.jar;C:\Users\rahmo\.m2\repository\org\glassfish\jaxb\jaxb-runtime\4.0.5\jaxb-runtime-4.0.5.jar;C:\Users\rahmo\.m2\repository\org\glassfish\jaxb\jaxb-core\4.0.5\jaxb-core-4.0.5.jar;C:\Users\rahmo\.m2\repository\org\eclipse\angus\angus-activation\2.0.2\angus-activation-2.0.2.jar;C:\Users\rahmo\.m2\repository\org\glassfish\jaxb\txw2\4.0.5\txw2-4.0.5.jar;C:\Users\rahmo\.m2\repository\com\sun\istack\istack-commons-runtime\4.1.2\istack-commons-runtime-4.1.2.jar;C:\Users\rahmo\.m2\repository\jakarta\inject\jakarta.inject-api\2.0.1\jakarta.inject-api-2.0.1.jar;C:\Users\rahmo\.m2\repository\org\antlr\antlr4-runtime\4.13.0\antlr4-runtime-4.13.0.jar;C:\Users\rahmo\.m2\repository\org\springframework\data\spring-data-jpa\3.2.4\spring-data-jpa-3.2.4.jar;C:\Users\rahmo\.m2\repository\org\springframework\data\spring-data-commons\3.2.4\spring-data-commons-3.2.4.jar;C:\Users\rahmo\.m2\repository\org\springframework\spring-orm\6.1.5\spring-orm-6.1.5.jar;C:\Users\rahmo\.m2\repository\org\springframework\spring-beans\6.1.5\spring-beans-6.1.5.jar;C:\Users\rahmo\.m2\repository\jakarta\annotation\jakarta.annotation-api\2.1.1\jakarta.annotation-api-2.1.1.jar;C:\Users\rahmo\.m2\repository\org\slf4j\slf4j-api\2.0.12\slf4j-api-2.0.12.jar;C:\Users\rahmo\.m2\repository\org\springframework\spring-aspects\6.1.5\spring-aspects-6.1.5.jar;C:\Users\rahmo\.m2\repository\org\springframework\boot\spring-boot-starter-web\3.2.4\spring-boot-starter-web-3.2.4.jar;C:\Users\rahmo\.m2\repository\org\springframework\boot\spring-boot-starter\3.2.4\spring-boot-starter-3.2.4.jar;C:\Users\rahmo\.m2\repository\org\springframework\boot\spring-boot\3.2.4\spring-boot-3.2.4.jar;C:\Users\rahmo\.m2\repository\org\springframework\boot\spring-boot-autoconfigure\3.2.4\spring-boot-autoconfigure-3.2.4.jar;C:\Users\rahmo\.m2\repository\org\springframework\boot\spring-boot-starter-logging\3.2.4\spring-boot-starter-logging-3.2.4.jar;C:\Users\rahmo\.m2\repository\ch\qos\logback\logback-classic\1.4.14\logback-classic-1.4.14.jar;C:\Users\rahmo\.m2\repository\ch\qos\logback\logback-core\1.4.14\logback-core-1.4.14.jar;C:\Users\rahmo\.m2\repository\org\apache\logging\log4j\log4j-to-slf4j\2.21.1\log4j-to-slf4j-2.21.1.jar;C:\Users\rahmo\.m2\repository\org\apache\logging\log4j\log4j-api\2.21.1\log4j-api-2.21.1.jar;C:\Users\rahmo\.m2\repository\org\slf4j\jul-to-slf4j\2.0.12\jul-to-slf4j-2.0.12.jar;C:\Users\rahmo\.m2\repository\org\yaml\snakeyaml\2.2\snakeyaml-2.2.jar;C:\Users\rahmo\.m2\repository\org\springframework\boot\spring-boot-starter-json\3.2.4\spring-boot-starter-json-3.2.4.jar;C:\Users\rahmo\.m2\repository\com\fasterxml\jackson\datatype\jackson-datatype-jdk8\2.15.4\jackson-datatype-jdk8-2.15.4.jar;C:\Users\rahmo\.m2\repository\com\fasterxml\jackson\datatype\jackson-datatype-jsr310\2.15.4\jackson-datatype-jsr310-2.15.4.jar;C:\Users\rahmo\.m2\repository\com\fasterxml\jackson\module\jackson-module-parameter-names\2.15.4\jackson-module-parameter-names-2.15.4.jar;C:\Users\rahmo\.m2\repository\org\springframework\boot\spring-boot-starter-tomcat\3.2.4\spring-boot-starter-tomcat-3.2.4.jar;C:\Users\rahmo\.m2\repository\org\apache\tomcat\embed\tomcat-embed-core\10.1.19\tomcat-embed-core-10.1.19.jar;C:\Users\rahmo\.m2\repository\org\apache\tomcat\embed\tomcat-embed-el\10.1.19\tomcat-embed-el-10.1.19.jar;C:\Users\rahmo\.m2\repository\org\apache\tomcat\embed\tomcat-embed-websocket\10.1.19\tomcat-embed-websocket-10.1.19.jar;C:\Users\rahmo\.m2\repository\org\springframework\spring-web\6.1.5\spring-web-6.1.5.jar;C:\Users\rahmo\.m2\repository\org\springframework\spring-webmvc\6.1.5\spring-webmvc-6.1.5.jar;C:\Users\rahmo\.m2\repository\org\springframework\spring-expression\6.1.5\spring-expression-6.1.5.jar;C:\Users\rahmo\.m2\repository\com\mysql\mysql-connector-j\8.3.0\mysql-connector-j-8.3.0.jar;C:\Users\rahmo\.m2\repository\org\springframework\boot\spring-boot-starter-test\3.2.4\spring-boot-starter-test-3.2.4.jar;C:\Users\rahmo\.m2\repository\org\springframework\boot\spring-boot-test\3.2.4\spring-boot-test-3.2.4.jar;C:\Users\rahmo\.m2\repository\org\springframework\boot\spring-boot-test-autoconfigure\3.2.4\spring-boot-test-autoconfigure-3.2.4.jar;C:\Users\rahmo\.m2\repository\com\jayway\jsonpath\json-path\2.9.0\json-path-2.9.0.jar;C:\Users\rahmo\.m2\repository\jakarta\xml\bind\jakarta.xml.bind-api\4.0.2\jakarta.xml.bind-api-4.0.2.jar;C:\Users\rahmo\.m2\repository\jakarta\activation\jakarta.activation-api\2.1.3\jakarta.activation-api-2.1.3.jar;C:\Users\rahmo\.m2\repository\net\minidev\json-smart\2.5.0\json-smart-2.5.0.jar;C:\Users\rahmo\.m2\repository\net\minidev\accessors-smart\2.5.0\accessors-smart-2.5.0.jar;C:\Users\rahmo\.m2\repository\org\ow2\asm\asm\9.3\asm-9.3.jar;C:\Users\rahmo\.m2\repository\org\assertj\assertj-core\3.24.2\assertj-core-3.24.2.jar;C:\Users\rahmo\.m2\repository\org\awaitility\awaitility\4.2.0\awaitility-4.2.0.jar;C:\Users\rahmo\.m2\repository\org\hamcrest\hamcrest\2.2\hamcrest-2.2.jar;C:\Users\rahmo\.m2\repository\org\junit\jupiter\junit-jupiter\5.10.2\junit-jupiter-5.10.2.jar;C:\Users\rahmo\.m2\repository\org\junit\jupiter\junit-jupiter-api\5.10.2\junit-jupiter-api-5.10.2.jar;C:\Users\rahmo\.m2\repository\org\opentest4j\opentest4j\1.3.0\opentest4j-1.3.0.jar;C:\Users\rahmo\.m2\repository\org\junit\platform\junit-platform-commons\1.10.2\junit-platform-commons-1.10.2.jar;C:\Users\rahmo\.m2\repository\org\apiguardian\apiguardian-api\1.1.2\apiguardian-api-1.1.2.jar;C:\Users\rahmo\.m2\repository\org\junit\jupiter\junit-jupiter-params\5.10.2\junit-jupiter-params-5.10.2.jar;C:\Users\rahmo\.m2\repository\org\junit\jupiter\junit-jupiter-engine\5.10.2\junit-jupiter-engine-5.10.2.jar;C:\Users\rahmo\.m2\repository\org\junit\platform\junit-platform-engine\1.10.2\junit-platform-engine-1.10.2.jar;C:\Users\rahmo\.m2\repository\org\mockito\mockito-junit-jupiter\5.7.0\mockito-junit-jupiter-5.7.0.jar;C:\Users\rahmo\.m2\repository\org\skyscreamer\jsonassert\1.5.1\jsonassert-1.5.1.jar;C:\Users\rahmo\.m2\repository\com\vaadin\external\google\android-json\0.0.20131108.vaadin1\android-json-0.0.20131108.vaadin1.jar;C:\Users\rahmo\.m2\repository\org\springframework\spring-core\6.1.5\spring-core-6.1.5.jar;C:\Users\rahmo\.m2\repository\org\springframework\spring-jcl\6.1.5\spring-jcl-6.1.5.jar;C:\Users\rahmo\.m2\repository\org\springframework\spring-test\6.1.5\spring-test-6.1.5.jar;C:\Users\rahmo\.m2\repository\org\xmlunit\xmlunit-core\2.9.1\xmlunit-core-2.9.1.jar;C:\Users\rahmo\.m2\repository\junit\junit\4.13.2\junit-4.13.2.jar;C:\Users\rahmo\.m2\repository\org\hamcrest\hamcrest-core\2.2\hamcrest-core-2.2.jar;C:\Users\rahmo\.m2\repository\org\mockito\mockito-core\3.9.0\mockito-core-3.9.0.jar;C:\Users\rahmo\.m2\repository\net\bytebuddy\byte-buddy\1.14.12\byte-buddy-1.14.12.jar;C:\Users\rahmo\.m2\repository\net\bytebuddy\byte-buddy-agent\1.14.12\byte-buddy-agent-1.14.12.jar;C:\Users\rahmo\.m2\repository\org\objenesis\objenesis\3.2\objenesis-3.2.jar;C:\Users\rahmo\.m2\repository\org\springframework\amqp\spring-rabbit-test\3.1.3\spring-rabbit-test-3.1.3.jar;C:\Users\rahmo\.m2\repository\org\springframework\amqp\spring-rabbit-junit\3.1.3\spring-rabbit-junit-3.1.3.jar;C:\Users\rahmo\.m2\repository\org\hamcrest\hamcrest-library\2.2\hamcrest-library-2.2.jar;C:\Users\rahmo\.m2\repository\com\h2database\h2\2.2.224\h2-2.2.224.jar;C:\Users\rahmo\.m2\repository\org\springframework\amqp\spring-rabbit\3.1.3\spring-rabbit-3.1.3.jar;C:\Users\rahmo\.m2\repository\org\springframework\amqp\spring-amqp\3.1.3\spring-amqp-3.1.3.jar;C:\Users\rahmo\.m2\repository\org\springframework\retry\spring-retry\2.0.5\spring-retry-2.0.5.jar;C:\Users\rahmo\.m2\repository\com\rabbitmq\amqp-client\5.19.0\amqp-client-5.19.0.jar;C:\Users\rahmo\.m2\repository\org\springframework\spring-context\6.1.5\spring-context-6.1.5.jar;C:\Users\rahmo\.m2\repository\org\springframework\spring-messaging\6.1.5\spring-messaging-6.1.5.jar;C:\Users\rahmo\.m2\repository\org\springframework\spring-tx\6.1.5\spring-tx-6.1.5.jar;C:\Users\rahmo\.m2\repository\io\micrometer\micrometer-observation\1.12.4\micrometer-observation-1.12.4.jar;C:\Users\rahmo\.m2\repository\io\micrometer\micrometer-commons\1.12.4\micrometer-commons-1.12.4.jar;C:\Users\rahmo\.m2\repository\com\fasterxml\jackson\core\jackson-databind\2.15.4\jackson-databind-2.15.4.jar;C:\Users\rahmo\.m2\repository\com\fasterxml\jackson\core\jackson-annotations\2.15.4\jackson-annotations-2.15.4.jar;C:\Users\rahmo\.m2\repository\com\fasterxml\jackson\core\jackson-core\2.15.4\jackson-core-2.15.4.jar;"/>
    <property name="java.vm.vendor" value="Oracle Corporation"/>
    <property name="sun.arch.data.model" value="64"/>
    <property name="user.variant" value=""/>
    <property name="java.vendor.url" value="https://java.oracle.com/"/>
    <property name="user.timezone" value="Europe/Paris"/>
    <property name="org.jboss.logging.provider" value="slf4j"/>
    <property name="os.name" value="Windows 11"/>
    <property name="java.vm.specification.version" value="21"/>
    <property name="sun.java.launcher" value="SUN_STANDARD"/>
    <property name="user.country" value="FR"/>
    <property name="sun.boot.library.path" value="C:\Program Files\Java\jdk-21\bin"/>
    <property name="sun.java.command" value="C:\Users\rahmo\AppData\Local\Temp\surefire695702982560743076\surefirebooter-20240620153504710_3.jar C:\Users\rahmo\AppData\Local\Temp\surefire695702982560743076 2024-06-20T15-35-04_460-jvmRun1 surefire-20240620153504710_1tmp surefire_0-20240620153504710_2tmp"/>
    <property name="jdk.debug" value="release"/>
    <property name="surefire.test.class.path" value="C:\Users\rahmo\WORKSPACE\MSPR_DEV\MSPR_Commandes_API\target\test-classes;C:\Users\rahmo\WORKSPACE\MSPR_DEV\MSPR_Commandes_API\target\classes;C:\Users\rahmo\.m2\repository\org\springframework\boot\spring-boot-starter-data-jpa\3.2.4\spring-boot-starter-data-jpa-3.2.4.jar;C:\Users\rahmo\.m2\repository\org\springframework\boot\spring-boot-starter-aop\3.2.4\spring-boot-starter-aop-3.2.4.jar;C:\Users\rahmo\.m2\repository\org\springframework\spring-aop\6.1.5\spring-aop-6.1.5.jar;C:\Users\rahmo\.m2\repository\org\aspectj\aspectjweaver\1.9.21\aspectjweaver-1.9.21.jar;C:\Users\rahmo\.m2\repository\org\springframework\boot\spring-boot-starter-jdbc\3.2.4\spring-boot-starter-jdbc-3.2.4.jar;C:\Users\rahmo\.m2\repository\com\zaxxer\HikariCP\5.0.1\HikariCP-5.0.1.jar;C:\Users\rahmo\.m2\repository\org\springframework\spring-jdbc\6.1.5\spring-jdbc-6.1.5.jar;C:\Users\rahmo\.m2\repository\org\hibernate\orm\hibernate-core\6.4.4.Final\hibernate-core-6.4.4.Final.jar;C:\Users\rahmo\.m2\repository\jakarta\persistence\jakarta.persistence-api\3.1.0\jakarta.persistence-api-3.1.0.jar;C:\Users\rahmo\.m2\repository\jakarta\transaction\jakarta.transaction-api\2.0.1\jakarta.transaction-api-2.0.1.jar;C:\Users\rahmo\.m2\repository\org\jboss\logging\jboss-logging\3.5.3.Final\jboss-logging-3.5.3.Final.jar;C:\Users\rahmo\.m2\repository\org\hibernate\common\hibernate-commons-annotations\6.0.6.Final\hibernate-commons-annotations-6.0.6.Final.jar;C:\Users\rahmo\.m2\repository\io\smallrye\jandex\3.1.2\jandex-3.1.2.jar;C:\Users\rahmo\.m2\repository\com\fasterxml\classmate\1.6.0\classmate-1.6.0.jar;C:\Users\rahmo\.m2\repository\org\glassfish\jaxb\jaxb-runtime\4.0.5\jaxb-runtime-4.0.5.jar;C:\Users\rahmo\.m2\repository\org\glassfish\jaxb\jaxb-core\4.0.5\jaxb-core-4.0.5.jar;C:\Users\rahmo\.m2\repository\org\eclipse\angus\angus-activation\2.0.2\angus-activation-2.0.2.jar;C:\Users\rahmo\.m2\repository\org\glassfish\jaxb\txw2\4.0.5\txw2-4.0.5.jar;C:\Users\rahmo\.m2\repository\com\sun\istack\istack-commons-runtime\4.1.2\istack-commons-runtime-4.1.2.jar;C:\Users\rahmo\.m2\repository\jakarta\inject\jakarta.inject-api\2.0.1\jakarta.inject-api-2.0.1.jar;C:\Users\rahmo\.m2\repository\org\antlr\antlr4-runtime\4.13.0\antlr4-runtime-4.13.0.jar;C:\Users\rahmo\.m2\repository\org\springframework\data\spring-data-jpa\3.2.4\spring-data-jpa-3.2.4.jar;C:\Users\rahmo\.m2\repository\org\springframework\data\spring-data-commons\3.2.4\spring-data-commons-3.2.4.jar;C:\Users\rahmo\.m2\repository\org\springframework\spring-orm\6.1.5\spring-orm-6.1.5.jar;C:\Users\rahmo\.m2\repository\org\springframework\spring-beans\6.1.5\spring-beans-6.1.5.jar;C:\Users\rahmo\.m2\repository\jakarta\annotation\jakarta.annotation-api\2.1.1\jakarta.annotation-api-2.1.1.jar;C:\Users\rahmo\.m2\repository\org\slf4j\slf4j-api\2.0.12\slf4j-api-2.0.12.jar;C:\Users\rahmo\.m2\repository\org\springframework\spring-aspects\6.1.5\spring-aspects-6.1.5.jar;C:\Users\rahmo\.m2\repository\org\springframework\boot\spring-boot-starter-web\3.2.4\spring-boot-starter-web-3.2.4.jar;C:\Users\rahmo\.m2\repository\org\springframework\boot\spring-boot-starter\3.2.4\spring-boot-starter-3.2.4.jar;C:\Users\rahmo\.m2\repository\org\springframework\boot\spring-boot\3.2.4\spring-boot-3.2.4.jar;C:\Users\rahmo\.m2\repository\org\springframework\boot\spring-boot-autoconfigure\3.2.4\spring-boot-autoconfigure-3.2.4.jar;C:\Users\rahmo\.m2\repository\org\springframework\boot\spring-boot-starter-logging\3.2.4\spring-boot-starter-logging-3.2.4.jar;C:\Users\rahmo\.m2\repository\ch\qos\logback\logback-classic\1.4.14\logback-classic-1.4.14.jar;C:\Users\rahmo\.m2\repository\ch\qos\logback\logback-core\1.4.14\logback-core-1.4.14.jar;C:\Users\rahmo\.m2\repository\org\apache\logging\log4j\log4j-to-slf4j\2.21.1\log4j-to-slf4j-2.21.1.jar;C:\Users\rahmo\.m2\repository\org\apache\logging\log4j\log4j-api\2.21.1\log4j-api-2.21.1.jar;C:\Users\rahmo\.m2\repository\org\slf4j\jul-to-slf4j\2.0.12\jul-to-slf4j-2.0.12.jar;C:\Users\rahmo\.m2\repository\org\yaml\snakeyaml\2.2\snakeyaml-2.2.jar;C:\Users\rahmo\.m2\repository\org\springframework\boot\spring-boot-starter-json\3.2.4\spring-boot-starter-json-3.2.4.jar;C:\Users\rahmo\.m2\repository\com\fasterxml\jackson\datatype\jackson-datatype-jdk8\2.15.4\jackson-datatype-jdk8-2.15.4.jar;C:\Users\rahmo\.m2\repository\com\fasterxml\jackson\datatype\jackson-datatype-jsr310\2.15.4\jackson-datatype-jsr310-2.15.4.jar;C:\Users\rahmo\.m2\repository\com\fasterxml\jackson\module\jackson-module-parameter-names\2.15.4\jackson-module-parameter-names-2.15.4.jar;C:\Users\rahmo\.m2\repository\org\springframework\boot\spring-boot-starter-tomcat\3.2.4\spring-boot-starter-tomcat-3.2.4.jar;C:\Users\rahmo\.m2\repository\org\apache\tomcat\embed\tomcat-embed-core\10.1.19\tomcat-embed-core-10.1.19.jar;C:\Users\rahmo\.m2\repository\org\apache\tomcat\embed\tomcat-embed-el\10.1.19\tomcat-embed-el-10.1.19.jar;C:\Users\rahmo\.m2\repository\org\apache\tomcat\embed\tomcat-embed-websocket\10.1.19\tomcat-embed-websocket-10.1.19.jar;C:\Users\rahmo\.m2\repository\org\springframework\spring-web\6.1.5\spring-web-6.1.5.jar;C:\Users\rahmo\.m2\repository\org\springframework\spring-webmvc\6.1.5\spring-webmvc-6.1.5.jar;C:\Users\rahmo\.m2\repository\org\springframework\spring-expression\6.1.5\spring-expression-6.1.5.jar;C:\Users\rahmo\.m2\repository\com\mysql\mysql-connector-j\8.3.0\mysql-connector-j-8.3.0.jar;C:\Users\rahmo\.m2\repository\org\springframework\boot\spring-boot-starter-test\3.2.4\spring-boot-starter-test-3.2.4.jar;C:\Users\rahmo\.m2\repository\org\springframework\boot\spring-boot-test\3.2.4\spring-boot-test-3.2.4.jar;C:\Users\rahmo\.m2\repository\org\springframework\boot\spring-boot-test-autoconfigure\3.2.4\spring-boot-test-autoconfigure-3.2.4.jar;C:\Users\rahmo\.m2\repository\com\jayway\jsonpath\json-path\2.9.0\json-path-2.9.0.jar;C:\Users\rahmo\.m2\repository\jakarta\xml\bind\jakarta.xml.bind-api\4.0.2\jakarta.xml.bind-api-4.0.2.jar;C:\Users\rahmo\.m2\repository\jakarta\activation\jakarta.activation-api\2.1.3\jakarta.activation-api-2.1.3.jar;C:\Users\rahmo\.m2\repository\net\minidev\json-smart\2.5.0\json-smart-2.5.0.jar;C:\Users\rahmo\.m2\repository\net\minidev\accessors-smart\2.5.0\accessors-smart-2.5.0.jar;C:\Users\rahmo\.m2\repository\org\ow2\asm\asm\9.3\asm-9.3.jar;C:\Users\rahmo\.m2\repository\org\assertj\assertj-core\3.24.2\assertj-core-3.24.2.jar;C:\Users\rahmo\.m2\repository\org\awaitility\awaitility\4.2.0\awaitility-4.2.0.jar;C:\Users\rahmo\.m2\repository\org\hamcrest\hamcrest\2.2\hamcrest-2.2.jar;C:\Users\rahmo\.m2\repository\org\junit\jupiter\junit-jupiter\5.10.2\junit-jupiter-5.10.2.jar;C:\Users\rahmo\.m2\repository\org\junit\jupiter\junit-jupiter-api\5.10.2\junit-jupiter-api-5.10.2.jar;C:\Users\rahmo\.m2\repository\org\opentest4j\opentest4j\1.3.0\opentest4j-1.3.0.jar;C:\Users\rahmo\.m2\repository\org\junit\platform\junit-platform-commons\1.10.2\junit-platform-commons-1.10.2.jar;C:\Users\rahmo\.m2\repository\org\apiguardian\apiguardian-api\1.1.2\apiguardian-api-1.1.2.jar;C:\Users\rahmo\.m2\repository\org\junit\jupiter\junit-jupiter-params\5.10.2\junit-jupiter-params-5.10.2.jar;C:\Users\rahmo\.m2\repository\org\junit\jupiter\junit-jupiter-engine\5.10.2\junit-jupiter-engine-5.10.2.jar;C:\Users\rahmo\.m2\repository\org\junit\platform\junit-platform-engine\1.10.2\junit-platform-engine-1.10.2.jar;C:\Users\rahmo\.m2\repository\org\mockito\mockito-junit-jupiter\5.7.0\mockito-junit-jupiter-5.7.0.jar;C:\Users\rahmo\.m2\repository\org\skyscreamer\jsonassert\1.5.1\jsonassert-1.5.1.jar;C:\Users\rahmo\.m2\repository\com\vaadin\external\google\android-json\0.0.20131108.vaadin1\android-json-0.0.20131108.vaadin1.jar;C:\Users\rahmo\.m2\repository\org\springframework\spring-core\6.1.5\spring-core-6.1.5.jar;C:\Users\rahmo\.m2\repository\org\springframework\spring-jcl\6.1.5\spring-jcl-6.1.5.jar;C:\Users\rahmo\.m2\repository\org\springframework\spring-test\6.1.5\spring-test-6.1.5.jar;C:\Users\rahmo\.m2\repository\org\xmlunit\xmlunit-core\2.9.1\xmlunit-core-2.9.1.jar;C:\Users\rahmo\.m2\repository\junit\junit\4.13.2\junit-4.13.2.jar;C:\Users\rahmo\.m2\repository\org\hamcrest\hamcrest-core\2.2\hamcrest-core-2.2.jar;C:\Users\rahmo\.m2\repository\org\mockito\mockito-core\3.9.0\mockito-core-3.9.0.jar;C:\Users\rahmo\.m2\repository\net\bytebuddy\byte-buddy\1.14.12\byte-buddy-1.14.12.jar;C:\Users\rahmo\.m2\repository\net\bytebuddy\byte-buddy-agent\1.14.12\byte-buddy-agent-1.14.12.jar;C:\Users\rahmo\.m2\repository\org\objenesis\objenesis\3.2\objenesis-3.2.jar;C:\Users\rahmo\.m2\repository\org\springframework\amqp\spring-rabbit-test\3.1.3\spring-rabbit-test-3.1.3.jar;C:\Users\rahmo\.m2\repository\org\springframework\amqp\spring-rabbit-junit\3.1.3\spring-rabbit-junit-3.1.3.jar;C:\Users\rahmo\.m2\repository\org\hamcrest\hamcrest-library\2.2\hamcrest-library-2.2.jar;C:\Users\rahmo\.m2\repository\com\h2database\h2\2.2.224\h2-2.2.224.jar;C:\Users\rahmo\.m2\repository\org\springframework\amqp\spring-rabbit\3.1.3\spring-rabbit-3.1.3.jar;C:\Users\rahmo\.m2\repository\org\springframework\amqp\spring-amqp\3.1.3\spring-amqp-3.1.3.jar;C:\Users\rahmo\.m2\repository\org\springframework\retry\spring-retry\2.0.5\spring-retry-2.0.5.jar;C:\Users\rahmo\.m2\repository\com\rabbitmq\amqp-client\5.19.0\amqp-client-5.19.0.jar;C:\Users\rahmo\.m2\repository\org\springframework\spring-context\6.1.5\spring-context-6.1.5.jar;C:\Users\rahmo\.m2\repository\org\springframework\spring-messaging\6.1.5\spring-messaging-6.1.5.jar;C:\Users\rahmo\.m2\repository\org\springframework\spring-tx\6.1.5\spring-tx-6.1.5.jar;C:\Users\rahmo\.m2\repository\io\micrometer\micrometer-observation\1.12.4\micrometer-observation-1.12.4.jar;C:\Users\rahmo\.m2\repository\io\micrometer\micrometer-commons\1.12.4\micrometer-commons-1.12.4.jar;C:\Users\rahmo\.m2\repository\com\fasterxml\jackson\core\jackson-databind\2.15.4\jackson-databind-2.15.4.jar;C:\Users\rahmo\.m2\repository\com\fasterxml\jackson\core\jackson-annotations\2.15.4\jackson-annotations-2.15.4.jar;C:\Users\rahmo\.m2\repository\com\fasterxml\jackson\core\jackson-core\2.15.4\jackson-core-2.15.4.jar;"/>
    <property name="sun.cpu.endian" value="little"/>
    <property name="user.home" value="C:\Users\rahmo"/>
    <property name="user.language" value="fr"/>
    <property name="java.specification.vendor" value="Oracle Corporation"/>
    <property name="java.version.date" value="2024-04-16"/>
    <property name="java.home" value="C:\Program Files\Java\jdk-21"/>
    <property name="file.separator" value="\"/>
    <property name="basedir" value="C:\Users\rahmo\WORKSPACE\MSPR_DEV\MSPR_Commandes_API"/>
    <property name="java.vm.compressedOopsMode" value="Zero based"/>
    <property name="line.separator" value="&#10;"/>
    <property name="java.vm.specification.vendor" value="Oracle Corporation"/>
    <property name="java.specification.name" value="Java Platform API Specification"/>
    <property name="FILE_LOG_CHARSET" value="UTF-8"/>
    <property name="java.awt.headless" value="true"/>
    <property name="surefire.real.class.path" value="C:\Users\rahmo\AppData\Local\Temp\surefire695702982560743076\surefirebooter-20240620153504710_3.jar"/>
    <property name="user.script" value=""/>
    <property name="sun.management.compiler" value="HotSpot 64-Bit Tiered Compilers"/>
    <property name="java.runtime.version" value="21.0.3+7-LTS-152"/>
    <property name="user.name" value="LG"/>
    <property name="stdout.encoding" value="Cp1252"/>
    <property name="path.separator" value=";"/>
    <property name="os.version" value="10.0"/>
    <property name="java.runtime.name" value="Java(TM) SE Runtime Environment"/>
    <property name="file.encoding" value="UTF-8"/>
    <property name="java.vm.name" value="Java HotSpot(TM) 64-Bit Server VM"/>
    <property name="localRepository" value="C:\Users\rahmo\.m2\repository"/>
    <property name="java.vendor.url.bug" value="https://bugreport.java.com/bugreport/"/>
    <property name="java.io.tmpdir" value="C:\Users\rahmo\AppData\Local\Temp\"/>
    <property name="idea.version" value="2024.1.2"/>
    <property name="com.zaxxer.hikari.pool_number" value="1"/>
    <property name="java.version" value="21.0.3"/>
    <property name="user.dir" value="C:\Users\rahmo\WORKSPACE\MSPR_DEV\MSPR_Commandes_API"/>
    <property name="os.arch" value="amd64"/>
    <property name="java.vm.specification.name" value="Java Virtual Machine Specification"/>
    <property name="PID" value="10944"/>
    <property name="sun.os.patch.level" value=""/>
    <property name="CONSOLE_LOG_CHARSET" value="UTF-8"/>
    <property name="native.encoding" value="Cp1252"/>
    <property name="java.library.path" value="C:\Program Files\Java\jdk-21\bin;C:\WINDOWS\Sun\Java\bin;C:\WINDOWS\system32;C:\WINDOWS;C:\Program Files\Common Files\Oracle\Java\javapath;C:\Program Files (x86)\Common Files\Oracle\Java\java8path;C:\Program Files (x86)\Common Files\Oracle\Java\javapath;C:\WINDOWS\system32;C:\WINDOWS;C:\WINDOWS\System32\Wbem;C:\WINDOWS\System32\WindowsPowerShell\v1.0\;C:\WINDOWS\System32\OpenSSH\;C:\Program Files\Git\cmd;C:\Program Files\nodejs\;C:\Program Files (x86)\Windows Kits\10\Windows Performance Toolkit\;C:\Program Files\Docker\Docker\resources\bin;C:\Users\rahmo\apache-maven-3.9.7\bin;C:\Users\rahmo\AppData\Local\Programs\Python\Launcher\;C:\Users\rahmo\AppData\Local\Microsoft\WindowsApps;C:\Users\rahmo\AppData\Roaming\npm;C:\Users\rahmo\AppData\Local\Programs\Microsoft VS Code\bin;C:\Program Files\JetBrains\IntelliJ IDEA 2024.1.2\bin;;."/>
    <property name="java.vm.info" value="mixed mode, sharing"/>
    <property name="stderr.encoding" value="Cp1252"/>
    <property name="java.vendor" value="Oracle Corporation"/>
    <property name="java.vm.version" value="21.0.3+7-LTS-152"/>
    <property name="sun.io.unicode.encoding" value="UnicodeLittle"/>
    <property name="java.class.version" value="65.0"/>
  </properties>
  <testcase name="testDeleteOrder" classname="com.commandApi.OrderIntegrationTest" time="0.642">
    <system-out><![CDATA[15:35:10.902 [main] INFO org.springframework.test.context.support.AnnotationConfigContextLoaderUtils -- Could not detect default configuration classes for test class [com.commandApi.OrderIntegrationTest]: OrderIntegrationTest does not declare any static, non-private, non-final, nested classes annotated with @Configuration.
15:35:10.996 [main] INFO org.springframework.boot.test.context.SpringBootTestContextBootstrapper -- Found @SpringBootConfiguration com.commandApi.CommandApplication for test class com.commandApi.OrderIntegrationTest

  .   ____          _            __ _ _
 /\\ / ___'_ __ _ _(_)_ __  __ _ \ \ \ \
( ( )\___ | '_ | '_| | '_ \/ _` | \ \ \ \
 \\/  ___)| |_)| | | | | || (_| |  ) ) ) )
  '  |____| .__|_| |_|_| |_\__, | / / / /
 =========|_|==============|___/=/_/_/_/
 :: Spring Boot ::                (v3.2.4)

2024-06-20T15:35:11.497+02:00  INFO 10944 --- [           main] com.commandApi.OrderIntegrationTest      : Starting OrderIntegrationTest using Java 21.0.3 with PID 10944 (started by LG in C:\Users\rahmo\WORKSPACE\MSPR_DEV\MSPR_Commandes_API)
2024-06-20T15:35:11.497+02:00  INFO 10944 --- [           main] com.commandApi.OrderIntegrationTest      : No active profile set, falling back to 1 default profile: "default"
2024-06-20T15:35:12.281+02:00  INFO 10944 --- [           main] .s.d.r.c.RepositoryConfigurationDelegate : Bootstrapping Spring Data JPA repositories in DEFAULT mode.
2024-06-20T15:35:12.343+02:00  INFO 10944 --- [           main] .s.d.r.c.RepositoryConfigurationDelegate : Finished Spring Data repository scanning in 57 ms. Found 1 JPA repository interface.
2024-06-20T15:35:12.970+02:00  INFO 10944 --- [           main] o.hibernate.jpa.internal.util.LogHelper  : HHH000204: Processing PersistenceUnitInfo [name: default]
2024-06-20T15:35:13.064+02:00  INFO 10944 --- [           main] org.hibernate.Version                    : HHH000412: Hibernate ORM core version 6.4.4.Final
2024-06-20T15:35:13.095+02:00  INFO 10944 --- [           main] o.h.c.internal.RegionFactoryInitiator    : HHH000026: Second-level cache disabled
2024-06-20T15:35:13.299+02:00  INFO 10944 --- [           main] o.s.o.j.p.SpringPersistenceUnitInfo      : No LoadTimeWeaver setup: ignoring JPA class transformer
2024-06-20T15:35:13.346+02:00  INFO 10944 --- [           main] com.zaxxer.hikari.HikariDataSource       : HikariPool-1 - Starting...
2024-06-20T15:35:13.800+02:00  INFO 10944 --- [           main] com.zaxxer.hikari.pool.HikariPool        : HikariPool-1 - Added connection com.mysql.cj.jdbc.ConnectionImpl@49edb6d0
2024-06-20T15:35:13.800+02:00  INFO 10944 --- [           main] com.zaxxer.hikari.HikariDataSource       : HikariPool-1 - Start completed.
2024-06-20T15:35:13.894+02:00  WARN 10944 --- [           main] org.hibernate.orm.deprecation            : HHH90000025: MySQLDialect does not need to be specified explicitly using 'hibernate.dialect' (remove the property setting and it will be selected by default)
2024-06-20T15:35:14.881+02:00  INFO 10944 --- [           main] o.h.e.t.j.p.i.JtaPlatformInitiator       : HHH000489: No JTA platform available (set 'hibernate.transaction.jta.platform' to enable JTA platform integration)
Hibernate: 
    drop table if exists `command`
Hibernate: 
    drop table if exists `command_sequence`
Hibernate: 
    create table `command` (
        `creation_date` date,
        `update_date` date,
        `id` bigint not null,
        `clients_id` varchar(255),
        `products_id` varchar(255),
        primary key (`id`)
    ) engine=InnoDB
Hibernate: 
    create table `command_sequence` (
        `next_val` bigint
    ) engine=InnoDB
Hibernate: 
    insert into `command_sequence` values ( 1 )
2024-06-20T15:35:15.053+02:00  INFO 10944 --- [           main] j.LocalContainerEntityManagerFactoryBean : Initialized JPA EntityManagerFactory for persistence unit 'default'
2024-06-20T15:35:15.664+02:00  WARN 10944 --- [           main] JpaBaseConfiguration$JpaWebConfiguration : spring.jpa.open-in-view is enabled by default. Therefore, database queries may be performed during view rendering. Explicitly configure spring.jpa.open-in-view to disable this warning
2024-06-20T15:35:16.198+02:00  INFO 10944 --- [           main] o.s.b.t.m.w.SpringBootMockServletContext : Initializing Spring TestDispatcherServlet ''
2024-06-20T15:35:16.198+02:00  INFO 10944 --- [           main] o.s.t.web.servlet.TestDispatcherServlet  : Initializing Servlet ''
2024-06-20T15:35:16.199+02:00  INFO 10944 --- [           main] o.s.t.web.servlet.TestDispatcherServlet  : Completed initialization in 1 ms
2024-06-20T15:35:16.260+02:00  INFO 10944 --- [           main] o.s.a.r.c.CachingConnectionFactory       : Attempting to connect to: [localhost:5672]
2024-06-20T15:35:16.343+02:00  INFO 10944 --- [           main] o.s.a.r.c.CachingConnectionFactory       : Created new connection: rabbitConnectionFactory#20833b58:0/SimpleConnection@3e386977 [delegate=amqp://guest@127.0.0.1:5672/, localPort=62640]
2024-06-20T15:35:16.349+02:00  INFO 10944 --- [           main] o.s.amqp.rabbit.core.RabbitAdmin         : Auto-declaring a non-durable, auto-delete, or exclusive Queue (orderQueue) durable:false, auto-delete:false, exclusive:false. It will be redeclared if the broker stops and is restarted while the connection factory is alive, but all messages will be lost.
2024-06-20T15:35:16.349+02:00  INFO 10944 --- [           main] o.s.amqp.rabbit.core.RabbitAdmin         : Auto-declaring a non-durable, auto-delete, or exclusive Queue (orderIdQueue) durable:false, auto-delete:false, exclusive:false. It will be redeclared if the broker stops and is restarted while the connection factory is alive, but all messages will be lost.
2024-06-20T15:35:16.349+02:00  INFO 10944 --- [           main] o.s.amqp.rabbit.core.RabbitAdmin         : Auto-declaring a non-durable, auto-delete, or exclusive Queue (orderProductQueue) durable:false, auto-delete:false, exclusive:false. It will be redeclared if the broker stops and is restarted while the connection factory is alive, but all messages will be lost.
2024-06-20T15:35:16.349+02:00  INFO 10944 --- [           main] o.s.amqp.rabbit.core.RabbitAdmin         : Auto-declaring a non-durable, auto-delete, or exclusive Queue (responseQueue) durable:false, auto-delete:false, exclusive:false. It will be redeclared if the broker stops and is restarted while the connection factory is alive, but all messages will be lost.
2024-06-20T15:35:16.349+02:00  INFO 10944 --- [           main] o.s.amqp.rabbit.core.RabbitAdmin         : Auto-declaring a non-durable, auto-delete, or exclusive Queue (orderToSendQueue) durable:false, auto-delete:false, exclusive:false. It will be redeclared if the broker stops and is restarted while the connection factory is alive, but all messages will be lost.
2024-06-20T15:35:16.349+02:00  INFO 10944 --- [           main] o.s.amqp.rabbit.core.RabbitAdmin         : Auto-declaring a non-durable, auto-delete, or exclusive Queue (productsIdQueue) durable:false, auto-delete:false, exclusive:false. It will be redeclared if the broker stops and is restarted while the connection factory is alive, but all messages will be lost.
2024-06-20T15:35:16.349+02:00  INFO 10944 --- [           main] o.s.amqp.rabbit.core.RabbitAdmin         : Auto-declaring a non-durable, auto-delete, or exclusive Queue (productToSendQueue) durable:false, auto-delete:false, exclusive:false. It will be redeclared if the broker stops and is restarted while the connection factory is alive, but all messages will be lost.
2024-06-20T15:35:16.349+02:00  INFO 10944 --- [           main] o.s.amqp.rabbit.core.RabbitAdmin         : Auto-declaring a non-durable, auto-delete, or exclusive Queue (clientIdsIdQueue) durable:false, auto-delete:false, exclusive:false. It will be redeclared if the broker stops and is restarted while the connection factory is alive, but all messages will be lost.
2024-06-20T15:35:16.349+02:00  INFO 10944 --- [           main] o.s.amqp.rabbit.core.RabbitAdmin         : Auto-declaring a non-durable, auto-delete, or exclusive Queue (responseClientIdsVerificationQueue) durable:false, auto-delete:false, exclusive:false. It will be redeclared if the broker stops and is restarted while the connection factory is alive, but all messages will be lost.
2024-06-20T15:35:16.349+02:00  INFO 10944 --- [           main] o.s.amqp.rabbit.core.RabbitAdmin         : Auto-declaring a non-durable, auto-delete, or exclusive Queue (productIdsToProductQueue) durable:false, auto-delete:false, exclusive:false. It will be redeclared if the broker stops and is restarted while the connection factory is alive, but all messages will be lost.
2024-06-20T15:35:16.349+02:00  INFO 10944 --- [           main] o.s.amqp.rabbit.core.RabbitAdmin         : Auto-declaring a non-durable, auto-delete, or exclusive Queue (responseProductIdsVerificationQueue) durable:false, auto-delete:false, exclusive:false. It will be redeclared if the broker stops and is restarted while the connection factory is alive, but all messages will be lost.
2024-06-20T15:35:16.429+02:00  INFO 10944 --- [           main] com.commandApi.OrderIntegrationTest      : Started OrderIntegrationTest in 5.323 seconds (process running for 11.6)
Hibernate: 
    select
        o1_0.`id`,
        o1_0.`clients_id`,
        o1_0.`creation_date`,
        o1_0.`products_id`,
        o1_0.`update_date` 
    from
        `command` o1_0 
    where
        o1_0.`id`=?
Hibernate: 
    select
        `next_val` as id_val 
    from
        `command_sequence` for update
Hibernate: 
    update
        `command_sequence` 
    set
        `next_val`= ? 
    where
        `next_val`=?
Hibernate: 
    select
        o1_0.`id`,
        o1_0.`clients_id`,
        o1_0.`creation_date`,
        o1_0.`products_id`,
        o1_0.`update_date` 
    from
        `command` o1_0 
    where
        o1_0.`id`=?
Hibernate: 
    select
        `next_val` as id_val 
    from
        `command_sequence` for update
Hibernate: 
    update
        `command_sequence` 
    set
        `next_val`= ? 
    where
        `next_val`=?
Hibernate: 
    select
        o1_0.`id`,
        o1_0.`clients_id`,
        o1_0.`creation_date`,
        o1_0.`products_id`,
        o1_0.`update_date` 
    from
        `command` o1_0 
    where
        o1_0.`id`=?
Hibernate: 
    select
        `next_val` as id_val 
    from
        `command_sequence` for update
Hibernate: 
    update
        `command_sequence` 
    set
        `next_val`= ? 
    where
        `next_val`=?
Hibernate: 
    select
        o1_0.`id`,
        o1_0.`clients_id`,
        o1_0.`creation_date`,
        o1_0.`products_id`,
        o1_0.`update_date` 
    from
        `command` o1_0 
    where
        o1_0.`id`=?
Hibernate: 
    select
        `next_val` as id_val 
    from
        `command_sequence` for update
Hibernate: 
    update
        `command_sequence` 
    set
        `next_val`= ? 
    where
        `next_val`=?
Hibernate: 
    select
        o1_0.`id`,
        o1_0.`clients_id`,
        o1_0.`creation_date`,
        o1_0.`products_id`,
        o1_0.`update_date` 
    from
        `command` o1_0 
    where
        o1_0.`id`=?
Hibernate: 
    select
        `next_val` as id_val 
    from
        `command_sequence` for update
Hibernate: 
    update
        `command_sequence` 
    set
        `next_val`= ? 
    where
        `next_val`=?
Hibernate: 
    insert 
    into
        `command`
        (
            `clients_id`, `creation_date`, `products_id`, `update_date`, `id`
        ) 
    values
        (?, ?, ?, ?, ?)
Hibernate: 
    insert 
    into
        `command`
        (
            `clients_id`, `creation_date`, `products_id`, `update_date`, `id`
        ) 
    values
        (?, ?, ?, ?, ?)
Hibernate: 
    insert 
    into
        `command`
        (
            `clients_id`, `creation_date`, `products_id`, `update_date`, `id`
        ) 
    values
        (?, ?, ?, ?, ?)
Hibernate: 
    insert 
    into
        `command`
        (
            `clients_id`, `creation_date`, `products_id`, `update_date`, `id`
        ) 
    values
        (?, ?, ?, ?, ?)
Hibernate: 
    insert 
    into
        `command`
        (
            `clients_id`, `creation_date`, `products_id`, `update_date`, `id`
        ) 
    values
        (?, ?, ?, ?, ?)
Hibernate: 
    select
        o1_0.`id`,
        o1_0.`clients_id`,
        o1_0.`creation_date`,
        o1_0.`products_id`,
        o1_0.`update_date` 
    from
        `command` o1_0
Hibernate: 
    delete 
    from
        `command` 
    where
        `id`=?
Hibernate: 
    delete 
    from
        `command` 
    where
        `id`=?
Hibernate: 
    delete 
    from
        `command` 
    where
        `id`=?
Hibernate: 
    delete 
    from
        `command` 
    where
        `id`=?
Hibernate: 
    delete 
    from
        `command` 
    where
        `id`=?
Hibernate: 
    select
        `next_val` as id_val 
    from
        `command_sequence` for update
Hibernate: 
    update
        `command_sequence` 
    set
        `next_val`= ? 
    where
        `next_val`=?
Hibernate: 
    insert 
    into
        `command`
        (
            `clients_id`, `creation_date`, `products_id`, `update_date`, `id`
        ) 
    values
        (?, ?, ?, ?, ?)
Hibernate: 
    select
        count(*) 
    from
        `command` o1_0 
    where
        o1_0.`id`=?
Hibernate: 
    select
        o1_0.`id`,
        o1_0.`clients_id`,
        o1_0.`creation_date`,
        o1_0.`products_id`,
        o1_0.`update_date` 
    from
        `command` o1_0 
    where
        o1_0.`id`=?
Hibernate: 
    delete 
    from
        `command` 
    where
        `id`=?
Hibernate: 
    select
        o1_0.`id`,
        o1_0.`clients_id`,
        o1_0.`creation_date`,
        o1_0.`products_id`,
        o1_0.`update_date` 
    from
        `command` o1_0 
    where
        o1_0.`id`=?
]]></system-out>
  </testcase>
  <testcase name="testUpdateOrder" classname="com.commandApi.OrderIntegrationTest" time="0.047">
    <system-out><![CDATA[Hibernate: 
    select
        o1_0.`id`,
        o1_0.`clients_id`,
        o1_0.`creation_date`,
        o1_0.`products_id`,
        o1_0.`update_date` 
    from
        `command` o1_0
Hibernate: 
    select
        `next_val` as id_val 
    from
        `command_sequence` for update
Hibernate: 
    update
        `command_sequence` 
    set
        `next_val`= ? 
    where
        `next_val`=?
Hibernate: 
    insert 
    into
        `command`
        (
            `clients_id`, `creation_date`, `products_id`, `update_date`, `id`
        ) 
    values
        (?, ?, ?, ?, ?)
Hibernate: 
    select
        o1_0.`id`,
        o1_0.`clients_id`,
        o1_0.`creation_date`,
        o1_0.`products_id`,
        o1_0.`update_date` 
    from
        `command` o1_0 
    where
        o1_0.`id`=?
Hibernate: 
    select
        o1_0.`id`,
        o1_0.`clients_id`,
        o1_0.`creation_date`,
        o1_0.`products_id`,
        o1_0.`update_date` 
    from
        `command` o1_0 
    where
        o1_0.`id`=?
]]></system-out>
  </testcase>
  <testcase name="testCreateOrder" classname="com.commandApi.OrderIntegrationTest" time="0.047">
    <system-out><![CDATA[Hibernate: 
    select
        o1_0.`id`,
        o1_0.`clients_id`,
        o1_0.`creation_date`,
        o1_0.`products_id`,
        o1_0.`update_date` 
    from
        `command` o1_0
Hibernate: 
    delete 
    from
        `command` 
    where
        `id`=?
Hibernate: 
    select
        `next_val` as id_val 
    from
        `command_sequence` for update
Hibernate: 
    update
        `command_sequence` 
    set
        `next_val`= ? 
    where
        `next_val`=?
Hibernate: 
    insert 
    into
        `command`
        (
            `clients_id`, `creation_date`, `products_id`, `update_date`, `id`
        ) 
    values
        (?, ?, ?, ?, ?)
Hibernate: 
    select
        o1_0.`id`,
        o1_0.`clients_id`,
        o1_0.`creation_date`,
        o1_0.`products_id`,
        o1_0.`update_date` 
    from
        `command` o1_0
]]></system-out>
  </testcase>
  <testcase name="testAssociateCommandToSpecificClients" classname="com.commandApi.OrderIntegrationTest" time="0.586">
    <system-out><![CDATA[Hibernate: 
    select
        o1_0.`id`,
        o1_0.`clients_id`,
        o1_0.`creation_date`,
        o1_0.`products_id`,
        o1_0.`update_date` 
    from
        `command` o1_0
Hibernate: 
    delete 
    from
        `command` 
    where
        `id`=?
Hibernate: 
    select
        `next_val` as id_val 
    from
        `command_sequence` for update
Hibernate: 
    update
        `command_sequence` 
    set
        `next_val`= ? 
    where
        `next_val`=?
Hibernate: 
    insert 
    into
        `command`
        (
            `clients_id`, `creation_date`, `products_id`, `update_date`, `id`
        ) 
    values
        (?, ?, ?, ?, ?)
Hibernate: 
    select
        o1_0.`id`,
        o1_0.`clients_id`,
        o1_0.`creation_date`,
        o1_0.`products_id`,
        o1_0.`update_date` 
    from
        `command` o1_0 
    where
        o1_0.`id`=?
Hibernate: 
    update
        `command` 
    set
        `clients_id`=?,
        `creation_date`=?,
        `products_id`=?,
        `update_date`=? 
    where
        `id`=?
Hibernate: 
    select
        o1_0.`id`,
        o1_0.`clients_id`,
        o1_0.`creation_date`,
        o1_0.`products_id`,
        o1_0.`update_date` 
    from
        `command` o1_0 
    where
        o1_0.`id`=?
]]></system-out>
  </testcase>
  <testcase name="testAssociateProductsToTheCommand" classname="com.commandApi.OrderIntegrationTest" time="0.569">
    <system-out><![CDATA[Hibernate: 
    select
        o1_0.`id`,
        o1_0.`clients_id`,
        o1_0.`creation_date`,
        o1_0.`products_id`,
        o1_0.`update_date` 
    from
        `command` o1_0
Hibernate: 
    delete 
    from
        `command` 
    where
        `id`=?
Hibernate: 
    select
        `next_val` as id_val 
    from
        `command_sequence` for update
Hibernate: 
    update
        `command_sequence` 
    set
        `next_val`= ? 
    where
        `next_val`=?
Hibernate: 
    insert 
    into
        `command`
        (
            `clients_id`, `creation_date`, `products_id`, `update_date`, `id`
        ) 
    values
        (?, ?, ?, ?, ?)
Hibernate: 
    select
        o1_0.`id`,
        o1_0.`clients_id`,
        o1_0.`creation_date`,
        o1_0.`products_id`,
        o1_0.`update_date` 
    from
        `command` o1_0 
    where
        o1_0.`id`=?
ok
Hibernate: 
    update
        `command` 
    set
        `clients_id`=?,
        `creation_date`=?,
        `products_id`=?,
        `update_date`=? 
    where
        `id`=?
Hibernate: 
    select
        o1_0.`id`,
        o1_0.`clients_id`,
        o1_0.`creation_date`,
        o1_0.`products_id`,
        o1_0.`update_date` 
    from
        `command` o1_0 
    where
        o1_0.`id`=?
]]></system-out>
  </testcase>
  <testcase name="testGetOrders" classname="com.commandApi.OrderIntegrationTest" time="0.047">
    <system-out><![CDATA[Hibernate: 
    select
        o1_0.`id`,
        o1_0.`clients_id`,
        o1_0.`creation_date`,
        o1_0.`products_id`,
        o1_0.`update_date` 
    from
        `command` o1_0
Hibernate: 
    delete 
    from
        `command` 
    where
        `id`=?
Hibernate: 
    select
        `next_val` as id_val 
    from
        `command_sequence` for update
Hibernate: 
    update
        `command_sequence` 
    set
        `next_val`= ? 
    where
        `next_val`=?
Hibernate: 
    insert 
    into
        `command`
        (
            `clients_id`, `creation_date`, `products_id`, `update_date`, `id`
        ) 
    values
        (?, ?, ?, ?, ?)
Hibernate: 
    select
        `next_val` as id_val 
    from
        `command_sequence` for update
Hibernate: 
    update
        `command_sequence` 
    set
        `next_val`= ? 
    where
        `next_val`=?
Hibernate: 
    insert 
    into
        `command`
        (
            `clients_id`, `creation_date`, `products_id`, `update_date`, `id`
        ) 
    values
        (?, ?, ?, ?, ?)
Hibernate: 
    select
        o1_0.`id`,
        o1_0.`clients_id`,
        o1_0.`creation_date`,
        o1_0.`products_id`,
        o1_0.`update_date` 
    from
        `command` o1_0
Orders retrieved: [Command{id=11, creationDate=null, updateDate=null}, Command{id=12, creationDate=null, updateDate=null}]
]]></system-out>
  </testcase>
</testsuite>